<?xml version='1.0' encoding='UTF-8'?>
<testsuite hostname="DESKTOP-75T7MN0" name="OuterParserTest" tests="6" errors="0" failures="0" skipped="0" time="1.114" timestamp="2019-03-29T15:32:09">
                     <properties>
[...]
</properties>
                     <testcase classname="OuterParserTest" name="addTest" time="0.809">
                                                 
                                               </testcase><testcase classname="OuterParserTest" name="emptyCellTest" time="0.078">
                                                 
                                               </testcase><testcase classname="OuterParserTest" name="ifTest" time="0.031">
                                                 
                                               </testcase><testcase classname="OuterParserTest" name="simpleArgTest" time="0.146">
                                                 
                                               </testcase><testcase classname="OuterParserTest" name="embededArgTest" time="0.038">
                                                 
                                               </testcase><testcase classname="OuterParserTest" name="nullCellTest" time="0.012">
                                                 
                                               </testcase>
                     <system-out><![CDATA[]]></system-out>
                     <system-err><![CDATA[]]></system-err>
                   </testsuite>